<?xml version="1.0" encoding="UTF-8"?>
<!-- Generated by org.testng.reporters.JUnitReportReporter -->
<testsuite hostname="LAPTOP-6C34LHA8" failures="0" tests="3" name="com.sevenrmartsupermarket.tests.ManageOrdersTest" time="14.931" errors="0" timestamp="2024-05-21T20:03:30 IST" skipped="0">
  <testcase classname="com.sevenrmartsupermarket.tests.ManageOrdersTest" name="searchDetailsOfOrder" time="5.200"/>
  <testcase classname="com.sevenrmartsupermarket.tests.ManageOrdersTest" name="searchDetailsOfOrder" time="4.411"/>
  <testcase classname="com.sevenrmartsupermarket.tests.ManageOrdersTest" name="searchDetailsOfOrder" time="5.320"/>
</testsuite> <!-- com.sevenrmartsupermarket.tests.ManageOrdersTest -->
