<?xml version="1.0" encoding="UTF-8"?>
<!-- Generated by org.testng.reporters.JUnitReportReporter -->
<testsuite hostname="LAPTOP-6C34LHA8" failures="0" tests="1" name="com.sevenrmartsupermarket.tests.HomeTest" time="3.393" errors="0" timestamp="2024-05-27T13:26:18 IST" skipped="0">
  <testcase classname="com.sevenrmartsupermarket.tests.HomeTest" name="verifyNumberOfDashboardElementsPresent" time="3.393"/>
</testsuite> <!-- com.sevenrmartsupermarket.tests.HomeTest -->
