<?xml version="1.0" encoding="UTF-8"?>
<!-- Generated by org.testng.reporters.JUnitReportReporter -->
<testsuite hostname="LAPTOP-6C34LHA8" failures="0" tests="7" name="com.sevenrmartsupermarket.tests.LoginTest" time="51.621" errors="0" timestamp="2024-05-27T18:48:02 IST" skipped="0">
  <testcase classname="com.sevenrmartsupermarket.tests.LoginTest" name="verifyLoginUsingDataProvider" time="10.306"/>
  <testcase classname="com.sevenrmartsupermarket.tests.LoginTest" name="verifyLoginUsingDataProvider" time="6.955"/>
  <testcase classname="com.sevenrmartsupermarket.tests.LoginTest" name="verifyNewlyCreatedUserLogin" time="9.731"/>
  <testcase classname="com.sevenrmartsupermarket.tests.LoginTest" name="verifyValidUserLogin" time="8.485"/>
  <testcase classname="com.sevenrmartsupermarket.tests.LoginTest" name="verifyLoginUsingDataProvider" time="5.517"/>
  <testcase classname="com.sevenrmartsupermarket.tests.LoginTest" name="verifyRemembermeText" time="4.432"/>
  <testcase classname="com.sevenrmartsupermarket.tests.LoginTest" name="verifyUsernameFieldLabel" time="6.195"/>
</testsuite> <!-- com.sevenrmartsupermarket.tests.LoginTest -->
