<?xml version="1.0" encoding="UTF-8"?>
<!-- Generated by org.testng.reporters.JUnitReportReporter -->
<testsuite hostname="LAPTOP-6C34LHA8" failures="0" tests="2" name="com.sevenrmartsupermarket.tests.AdminUsersTest" time="18.801" errors="0" timestamp="2024-05-27T18:48:02 IST" skipped="0">
  <testcase classname="com.sevenrmartsupermarket.tests.AdminUsersTest" name="verifyUsernameAlreadyExistAlertMessage" time="10.012"/>
  <testcase classname="com.sevenrmartsupermarket.tests.AdminUsersTest" name="verifyNewlyCreatedAdminLogo" time="8.789"/>
</testsuite> <!-- com.sevenrmartsupermarket.tests.AdminUsersTest -->
