<?xml version="1.0" encoding="UTF-8"?>
<!-- Generated by org.testng.reporters.JUnitReportReporter -->
<testsuite hostname="LAPTOP-6C34LHA8" failures="0" tests="1" name="com.sevenrmartsupermarket.tests.LoginTest" time="2.894" errors="0" timestamp="2024-05-22T19:29:53 IST" skipped="0">
  <testcase classname="com.sevenrmartsupermarket.tests.LoginTest" name="verifyNewlyCreatedUserLogin" time="2.894"/>
</testsuite> <!-- com.sevenrmartsupermarket.tests.LoginTest -->
